<?xml version="1.0" encoding="UTF-8"?>
<testsuite xmlns:xsi="http://www.w3.org/2001/XMLSchema-instance" xsi:noNamespaceSchemaLocation="https://maven.apache.org/surefire/maven-surefire-plugin/xsd/surefire-test-report.xsd" name="Runner.Runner" time="93.018" tests="11" errors="0" skipped="0" failures="0">
  <properties>
[...]
</properties>
  <testcase name="Given I go to &quot;QAEnvironment&quot;" classname="Scenario: Logging in Webuy" time="0.001"/>
  <testcase name="And I click on &quot;SigninButton&quot;" classname="Scenario: Logging in Webuy" time="0"/>
  <testcase name="And I enter &quot;username&quot; as &quot;pravin.sh9@gmail.com&quot;" classname="Scenario: Logging in Webuy" time="0"/>
  <testcase name="And I enter &quot;password&quot; as &quot;jay123&quot;" classname="Scenario: Logging in Webuy" time="0"/>
  <testcase name="And I click on &quot;loginButton&quot;" classname="Scenario: Logging in Webuy" time="0"/>
  <testcase name="Then login should be &quot;success&quot;" classname="Scenario: Logging in Webuy" time="0"/>
  <testcase name="Scenario: Logging in Webuy" classname="Scenario: Logging in Webuy" time="0.001"/>
  <testcase name="Given I go to &quot;QAEnvironment&quot;" classname="Scenario: Search Product" time="0"/>
  <testcase name="And Enter the &quot;Samsung&quot; in &quot;ProductSearch&quot; field" classname="Scenario: Search Product" time="0"/>
  <testcase name="And I_click_on &quot;ProdSearch&quot; Button" classname="Scenario: Search Product" time="0"/>
  <testcase name="Scenario: Search Product" classname="Scenario: Search Product" time="0"/>
</testsuite>